<?xml version="1.0" encoding="UTF-8"?>
<!-- Generated by org.testng.reporters.JUnitReportReporter -->
<testsuite hostname="DESKTOP-VCRLJ5I" failures="0" tests="1" name="com.test.FindTransactionsValidations" time="33.380" errors="0" timestamp="2023-04-22T11:20:11 IST" skipped="0">
  <testcase classname="com.test.FindTransactionsValidations" name="registerNewUser" time="33.380"/>
  <system-out/>
</testsuite> <!-- com.test.FindTransactionsValidations -->
