<?xml version="1.0" encoding="UTF-8"?>
<!-- Generated by org.testng.reporters.JUnitReportReporter -->
<testsuite hostname="DESKTOP-VCRLJ5I" failures="0" tests="1" name="com.test.OpenNewAccountValidations" time="33.499" errors="0" timestamp="2023-04-22T08:50:53 IST" skipped="0">
  <testcase classname="com.test.OpenNewAccountValidations" name="registerNewUser" time="33.499"/>
  <system-out/>
</testsuite> <!-- com.test.OpenNewAccountValidations -->
