<?xml version="1.0" encoding="UTF-8"?>
<!-- Generated by org.testng.reporters.JUnitReportReporter -->
<testsuite hostname="DESKTOP-VCRLJ5I" failures="0" tests="1" name="com.test.TransferFundValidation" time="32.684" errors="0" timestamp="2023-04-22T09:45:28 IST" skipped="0">
  <testcase classname="com.test.TransferFundValidation" name="registerNewUser" time="32.684"/>
  <system-out/>
</testsuite> <!-- com.test.TransferFundValidation -->
