<?xml version="1.0" encoding="UTF-8"?>
<!-- Generated by org.testng.reporters.JUnitReportReporter -->
<testsuite hostname="DESKTOP-VCRLJ5I" failures="0" tests="1" name="com.test.UpdateContactInfoValidations" time="6.608" errors="0" timestamp="2023-04-22T12:09:19 IST" skipped="0">
  <testcase classname="com.test.UpdateContactInfoValidations" name="registerNewUser" time="6.608"/>
  <system-out/>
</testsuite> <!-- com.test.UpdateContactInfoValidations -->
