<?xml version="1.0" encoding="UTF-8"?>
<!-- Generated by org.testng.reporters.JUnitReportReporter -->
<testsuite hostname="DESKTOP-VCRLJ5I" failures="0" tests="1" name="com.test.AccountsOverviewValidation" time="31.064" errors="0" timestamp="2023-04-22T08:49:00 IST" skipped="0">
  <testcase classname="com.test.AccountsOverviewValidation" name="registerNewUser" time="31.064"/>
  <system-out/>
</testsuite> <!-- com.test.AccountsOverviewValidation -->
